<?xml version="1.0" encoding="UTF-8"?>
<testsuite name="com.advantage.login.pruebas.runners.LogInRunner" tests="0" skipped="0" failures="0" errors="0" timestamp="1970-01-01T00:00:00" hostname="TELO20ZXS" time="0.0">
  <properties/>
  <system-out><![CDATA[
?[31mFailed scenarios:?[0m
?[31msrc/test/resources/Features/iniciosesion.feature:3 ?[0m# Inicio de sesion

1 Scenarios (?[31m1 failed?[0m)
3 Steps (?[31m1 failed?[0m, ?[32m2 passed?[0m)
0m28,124s

java.lang.AssertionError: 
Expected: is "angio"
     but: was "angie"
	at net.serenitybdd.screenplay.ErrorTally.throwSummaryExceptionFrom(ErrorTally.java:36)
	at net.serenitybdd.screenplay.ErrorTally.reportAnyErrors(ErrorTally.java:30)
	at net.serenitybdd.screenplay.Actor.should(Actor.java:301)
	at com.advantage.login.pruebas.stepdefinitions.LogInStepDefinition.theUserShouldSeeHisUsernameOnThePage(LogInStepDefinition.java:42)
	at ?.The user should see his username on the page(src/test/resources/Features/iniciosesion.feature:6)

]]></system-out>
  <system-err><![CDATA[SLF4J: Failed to load class "org.slf4j.impl.StaticLoggerBinder".
SLF4J: Defaulting to no-operation (NOP) logger implementation
SLF4J: See http://www.slf4j.org/codes.html#StaticLoggerBinder for further details.
]]></system-err>
</testsuite>
